<?xml version="1.0" encoding="UTF-8"?>
<!-- Generated by org.testng.reporters.JUnitReportReporter -->
<testsuite hostname="DESKTOP-EKSVNDS" failures="0" tests="1" name="T_06.EktuPoreDekhun" time="31.736" errors="0" timestamp="2022-08-09T14:19:39 PDT" skipped="0">
  <testcase classname="T_06.EktuPoreDekhun" name="BoiBazar" time="31.736"/>
  <system-out/>
</testsuite> <!-- T_06.EktuPoreDekhun -->
