<?xml version="1.0" encoding="UTF-8"?>
<!-- Generated by org.testng.reporters.JUnitReportReporter -->
<testsuite hostname="DESKTOP-EKSVNDS" failures="0" tests="1" name="T_12.SelectByLekhok" time="27.814" errors="0" timestamp="2022-08-09T15:02:18 PDT" skipped="0">
  <testcase classname="T_12.SelectByLekhok" name="BoiBazar" time="27.814"/>
  <system-out/>
</testsuite> <!-- T_12.SelectByLekhok -->
