<?xml version="1.0" encoding="UTF-8"?>
<!-- Generated by org.testng.reporters.JUnitReportReporter -->
<testsuite hostname="DESKTOP-EKSVNDS" failures="0" tests="1" name="BoiBazar.T07_ClickOnAddIcon" time="23.004" errors="0" timestamp="2023-05-19T07:56:25 PDT" skipped="0">
  <testcase classname="BoiBazar.T07_ClickOnAddIcon" name="BoiBazar" time="23.004"/>
  <system-out/>
</testsuite> <!-- BoiBazar.T07_ClickOnAddIcon -->
