<?xml version="1.0" encoding="UTF-8"?>
<!-- Generated by org.testng.reporters.JUnitReportReporter -->
<testsuite hostname="DESKTOP-EKSVNDS" failures="0" tests="1" name="BoiBazar.T01_SiteVisit" time="44.852" errors="0" timestamp="2023-05-19T07:56:25 PDT" skipped="0">
  <testcase classname="BoiBazar.T01_SiteVisit" name="BoiBazar" time="44.852"/>
  <system-out/>
</testsuite> <!-- BoiBazar.T01_SiteVisit -->
