<?xml version="1.0" encoding="UTF-8"?>
<!-- Generated by org.testng.reporters.JUnitReportReporter -->
<testsuite hostname="DESKTOP-EKSVNDS" failures="0" tests="1" name="project.ClickCartIcon" time="50.006" errors="0" timestamp="2021-12-06T04:34:24 PST" skipped="0">
  <testcase classname="project.ClickCartIcon" name="BoiBazar" time="50.006"/>
  <system-out/>
</testsuite> <!-- project.ClickCartIcon -->
