<?xml version="1.0" encoding="UTF-8"?>
<!-- Generated by org.testng.reporters.JUnitReportReporter -->
<testsuite hostname="DESKTOP-EKSVNDS" failures="0" tests="1" name="T_04.SelectMisirAli" time="28.320" errors="0" timestamp="2022-08-09T14:06:59 PDT" skipped="0">
  <testcase classname="T_04.SelectMisirAli" name="BoiBazar" time="28.320"/>
  <system-out/>
</testsuite> <!-- T_04.SelectMisirAli -->
