<?xml version="1.0" encoding="UTF-8"?>
<!-- Generated by org.testng.reporters.JUnitReportReporter -->
<testsuite hostname="DESKTOP-EKSVNDS" failures="0" tests="1" name="T_07.ClickOnAddIcon" time="30.227" errors="0" timestamp="2022-08-09T14:24:59 PDT" skipped="0">
  <testcase classname="T_07.ClickOnAddIcon" name="BoiBazar" time="30.227"/>
  <system-out/>
</testsuite> <!-- T_07.ClickOnAddIcon -->
