<?xml version="1.0" encoding="UTF-8"?>
<!-- Generated by org.testng.reporters.JUnitReportReporter -->
<testsuite hostname="DESKTOP-EKSVNDS" failures="0" tests="1" name="T_03.SelectLekhok" time="23.007" errors="0" timestamp="2022-08-09T13:37:18 PDT" skipped="0">
  <testcase classname="T_03.SelectLekhok" name="BoiBazar" time="23.007"/>
  <system-out/>
</testsuite> <!-- T_03.SelectLekhok -->
