<?xml version="1.0" encoding="UTF-8"?>
<!-- Generated by org.testng.reporters.JUnitReportReporter -->
<testsuite hostname="DESKTOP-EKSVNDS" failures="0" tests="1" name="project.AddToCartBook" time="31.622" errors="0" timestamp="2021-12-02T20:16:12 PST" skipped="0">
  <testcase classname="project.AddToCartBook" name="BoiBazar" time="31.622"/>
  <system-out/>
</testsuite> <!-- project.AddToCartBook -->
