<?xml version="1.0" encoding="UTF-8"?>
<!-- Generated by org.testng.reporters.JUnitReportReporter -->
<testsuite hostname="DESKTOP-EKSVNDS" failures="0" tests="1" name="BoiBazar.T06_EktuPoreDekhun" time="15.723" errors="0" timestamp="2023-05-19T07:56:25 PDT" skipped="0">
  <testcase classname="BoiBazar.T06_EktuPoreDekhun" name="BoiBazar" time="15.723"/>
  <system-out/>
</testsuite> <!-- BoiBazar.T06_EktuPoreDekhun -->
