<?xml version="1.0" encoding="UTF-8"?>
<!-- Generated by org.testng.reporters.JUnitReportReporter -->
<testsuite hostname="DESKTOP-EKSVNDS" failures="0" tests="1" name="project.ClickNextButton" time="64.775" errors="0" timestamp="2021-12-06T04:35:43 PST" skipped="0">
  <testcase classname="project.ClickNextButton" name="BoiBazar" time="64.775"/>
  <system-out/>
</testsuite> <!-- project.ClickNextButton -->
