<?xml version="1.0" encoding="UTF-8"?>
<!-- Generated by org.testng.reporters.JUnitReportReporter -->
<testsuite hostname="DESKTOP-EKSVNDS" failures="0" tests="1" name="T_01.SiteVisit" time="22.025" errors="0" timestamp="2022-08-09T13:28:03 PDT" skipped="0">
  <testcase classname="T_01.SiteVisit" name="BoiBazar" time="22.025"/>
  <system-out/>
</testsuite> <!-- T_01.SiteVisit -->
