<?xml version="1.0" encoding="UTF-8"?>
<!-- Generated by org.testng.reporters.JUnitReportReporter -->
<testsuite hostname="DESKTOP-EKSVNDS" failures="0" tests="1" name="T_05.CheckTheBookMisirAliUnsolved" time="29.735" errors="0" timestamp="2022-08-09T14:12:02 PDT" skipped="0">
  <testcase classname="T_05.CheckTheBookMisirAliUnsolved" name="BoiBazar" time="29.735"/>
  <system-out/>
</testsuite> <!-- T_05.CheckTheBookMisirAliUnsolved -->
