<?xml version="1.0" encoding="UTF-8"?>
<!-- Generated by org.testng.reporters.JUnitReportReporter -->
<testsuite hostname="DESKTOP-EKSVNDS" failures="0" tests="1" name="project.FilterByOitihashikUponnash" time="42.732" errors="0" timestamp="2021-12-02T22:58:09 PST" skipped="0">
  <testcase classname="project.FilterByOitihashikUponnash" name="BoiBazar" time="42.732"/>
  <system-out/>
</testsuite> <!-- project.FilterByOitihashikUponnash -->
